Arguments: 
  C:\Program Files\nodejs\node.exe C:\Program Files\nodejs\node_modules\yarn\bin\yarn.js

PATH: 
  C:\Program Files\Common Files\Oracle\Java\javapath;C:\Program Files (x86)\Common Files\Oracle\Java\javapath;C:\windows\system32;C:\windows;C:\windows\System32\Wbem;C:\windows\System32\WindowsPowerShell\v1.0\;C:\windows\System32\OpenSSH\;C:\Users\Kevin_Cai\AppData\Roaming\nvm;C:\Program Files\nodejs;C:\Program Files\Git\cmd;C:\Program Files\Docker\Docker\resources\bin;C:\ProgramData\DockerDesktop\version-bin;C:\minikube;C:\ProgramData\chocolatey\bin;C:\Users\Kevin_Cai\AppData\Local\Microsoft\WindowsApps;C:\Users\Kevin_Cai\AppData\Local\Programs\Microsoft VS Code\bin;C:\Users\Kevin_Cai\AppData\Roaming\nvm;C:\Program Files\nodejs;C:\Program Files\apache-maven-3.8.5\bin;

Yarn version: 
  1.22.18

Node version: 
  16.14.2

Platform: 
  win32 x64

Trace: 
  Error: https://registry.yarnpkg.com/@ngsocial%2fgraphql: Not found
      at Request.params.callback [as _callback] (C:\Users\Kevin_Cai\AppData\Roaming\nvm\v16.14.2\node_modules\yarn\lib\cli.js:66138:18)
      at Request.self.callback (C:\Users\Kevin_Cai\AppData\Roaming\nvm\v16.14.2\node_modules\yarn\lib\cli.js:140883:22)
      at Request.emit (node:events:526:28)
      at Request.<anonymous> (C:\Users\Kevin_Cai\AppData\Roaming\nvm\v16.14.2\node_modules\yarn\lib\cli.js:141855:10)
      at Request.emit (node:events:526:28)
      at IncomingMessage.<anonymous> (C:\Users\Kevin_Cai\AppData\Roaming\nvm\v16.14.2\node_modules\yarn\lib\cli.js:141777:12)
      at Object.onceWrapper (node:events:645:28)
      at IncomingMessage.emit (node:events:538:35)
      at endReadableNT (node:internal/streams/readable:1345:12)
      at processTicksAndRejections (node:internal/process/task_queues:83:21)

npm manifest: 
  {
    "name": "@ngsocial/server",
    "version": "0.0.1",
    "description": "",
    "main": "index.js",
    "scripts": {
      "seed:config": "ts-node ./node_modules/typeorm-seeding/dist/cli.js config",
      "seed:run": "ts-node ./node_modules/typeorm-seeding/dist/cli.js seed",
      "schema:drop": "ts-node ./node_modules/typeorm/cli.js schema:drop",
      "schema:sync": "ts-node ./node_modules/typeorm/cli.js schema:sync",
      "test": "echo \"Error: no test specified\" && exit 1",
      "start": "ts-node-dev --respawn ./src/",
      "build": "tsc --project ./"
    },
    "keywords": [],
    "author": "",
    "license": "ISC",
    "dependencies": {
      "@graphql-tools/schema": "^8.3.10",
      "@graphql-tools/utils": "^8.6.9",
      "apollo-server-express": "^3.6.7",
      "casual": "^1.6.2",
      "cors": "^2.8.5",
      "express": "^4.17.3",
      "graphql": "^16.3.0",
      "mysql": "^2.18.1",
      "reflect-metadata": "^0.1.13",
      "typeorm": "^0.3.6",
      "typeorm-seeding": "^1.6.1"
    },
    "devDependencies": {
      "@ngsocial/graphql": "0.0.1",
      "@types/express": "^4.17.13",
      "@types/faker": "^6.6.9",
      "@types/graphql": "^14.5.0",
      "@types/node": "^17.0.25",
      "graphql-tag": "^2.12.6",
      "ts-node": "^10.7.0",
      "ts-node-dev": "^1.1.8",
      "typescript": "^4.6.3"
    }
  }

yarn manifest: 
  No manifest

Lockfile: 
  No lockfile
